<?xml version="1.0" encoding="UTF-8"?>
<!-- Generated by org.testng.reporters.JUnitReportReporter -->
<testsuite skipped="0" hostname="DESKTOP-E1M72KL" name="Assertion1.Assertion" tests="1" failures="0" timestamp="2020-06-12T09:50:59 IST" time="3.569" errors="0">
  <testcase name="test" time="3.569" classname="Assertion1.Assertion"/>
</testsuite> <!-- Assertion1.Assertion -->
