<?xml version="1.0" encoding="UTF-8"?>
<!-- Generated by org.testng.reporters.JUnitReportReporter -->
<testsuite skipped="0" hostname="DESKTOP-E1M72KL" name="com.pojo.Assertion" tests="1" failures="0" timestamp="2020-01-07T13:26:25 IST" time="3.418" errors="0">
  <testcase name="test" time="3.418" classname="com.pojo.Assertion"/>
</testsuite> <!-- com.pojo.Assertion -->
