<?xml version="1.0" encoding="UTF-8"?>
<!-- Generated by org.testng.reporters.JUnitReportReporter -->
<testsuite skipped="0" hostname="DESKTOP-E1M72KL" name="LibraryAPI.PostRequest" tests="6" failures="0" timestamp="2019-12-25T19:58:13 IST" time="3.773" errors="0">
  <testcase name="addBookAPI" time="0.458" classname="LibraryAPI.PostRequest"/>
  <testcase name="addBookAPI" time="0.332" classname="LibraryAPI.PostRequest"/>
  <testcase name="addBookAPI" time="0.292" classname="LibraryAPI.PostRequest"/>
  <testcase name="addBookAPI" time="0.316" classname="LibraryAPI.PostRequest"/>
  <testcase name="addBookAPI" time="0.326" classname="LibraryAPI.PostRequest"/>
  <testcase name="addBookAPI" time="2.049" classname="LibraryAPI.PostRequest"/>
</testsuite> <!-- LibraryAPI.PostRequest -->
