<?xml version="1.0" encoding="UTF-8"?>
<!-- Generated by org.testng.reporters.JUnitReportReporter -->
<testsuite skipped="0" hostname="DESKTOP-E1M72KL" name="com.pojo.Serialization" tests="1" failures="0" timestamp="2020-01-07T15:21:58 IST" time="1.834" errors="0">
  <testcase name="serializationTest" time="1.834" classname="com.pojo.Serialization"/>
</testsuite> <!-- com.pojo.Serialization -->
