<?xml version="1.0" encoding="UTF-8"?>
<!-- Generated by org.testng.reporters.JUnitReportReporter -->
<testsuite skipped="0" hostname="DESKTOP-E1M72KL" name="LibraryAPI.StaticPostRequestJson" tests="1" failures="0" timestamp="2019-12-25T19:56:52 IST" time="2.088" errors="0">
  <testcase name="addLibraryAPItest" time="2.088" classname="LibraryAPI.StaticPostRequestJson"/>
</testsuite> <!-- LibraryAPI.StaticPostRequestJson -->
