<?xml version="1.0" encoding="UTF-8"?>
<!-- Generated by org.testng.reporters.JUnitReportReporter -->
<testsuite skipped="0" hostname="DESKTOP-E1M72KL" name="Assertion1.PostRequest" tests="1" failures="0" timestamp="2020-01-17T16:16:09 IST" time="2.522" errors="0">
  <testcase name="postrequesttest" time="2.522" classname="Assertion1.PostRequest"/>
</testsuite> <!-- Assertion1.PostRequest -->
