<?xml version="1.0" encoding="UTF-8"?>
<!-- Generated by org.testng.reporters.JUnitReportReporter -->
<testsuite skipped="0" hostname="DESKTOP-E1M72KL" name="com.deserialization.Assertion" tests="1" failures="0" timestamp="2020-01-12T19:14:45 IST" time="4.585" errors="0">
  <testcase name="test" time="4.585" classname="com.deserialization.Assertion"/>
</testsuite> <!-- com.deserialization.Assertion -->
