<?xml version="1.0" encoding="UTF-8"?>
<!-- Generated by org.testng.reporters.JUnitReportReporter -->
<testsuite skipped="0" hostname="DESKTOP-E1M72KL" name="com.serialization.Serialization" tests="1" failures="0" timestamp="2020-01-17T18:19:44 IST" time="1.952" errors="0">
  <testcase name="serializationTest" time="1.952" classname="com.serialization.Serialization"/>
</testsuite> <!-- com.serialization.Serialization -->
