<?xml version="1.0" encoding="UTF-8"?>
<!-- Generated by org.testng.reporters.JUnitReportReporter -->
<testsuite skipped="0" hostname="DESKTOP-E1M72KL" name="Assertion1.PostRequestXml" tests="1" failures="0" timestamp="2019-12-22T18:44:28 IST" time="1.737" errors="0">
  <testcase name="createPlaceAPItest" time="1.737" classname="Assertion1.PostRequestXml"/>
</testsuite> <!-- Assertion1.PostRequestXml -->
